2021-04-21 08:09:25  INFO: HikariPool-1 - Starting...
2021-04-21 08:09:25  INFO: HikariPool-1 - Start completed.
2021-04-21 08:09:25  INFO: Clearing database change log checksums
2021-04-21 08:09:25  INFO: Successfully acquired change log lock
2021-04-21 08:09:25  INFO: Creating database history table with name: PUBLIC.DATABASECHANGELOG
2021-04-21 08:09:25  INFO: Successfully released change log lock
2021-04-21 08:09:25  INFO: Successfully acquired change log lock
2021-04-21 08:09:25  INFO: Can not use class liquibase.parser.core.json.JsonChangeLogParser as a Liquibase service because org.yaml.snakeyaml.constructor.BaseConstructor is not in the classpath
2021-04-21 08:09:25  INFO: Can not use class liquibase.parser.core.yaml.YamlChangeLogParser as a Liquibase service because org.yaml.snakeyaml.constructor.BaseConstructor is not in the classpath
2021-04-21 08:09:26  INFO: Reading from PUBLIC.DATABASECHANGELOG
2021-04-21 08:09:26  INFO: Table tc_attributes created
2021-04-21 08:09:26  INFO: Table tc_calendars created
2021-04-21 08:09:26  INFO: Table tc_commands created
2021-04-21 08:09:26  INFO: Table tc_device_attribute created
2021-04-21 08:09:26  INFO: Table tc_device_command created
2021-04-21 08:09:26  INFO: Table tc_device_driver created
2021-04-21 08:09:26  INFO: Table tc_device_geofence created
2021-04-21 08:09:26  INFO: Table tc_device_maintenance created
2021-04-21 08:09:26  INFO: Table tc_device_notification created
2021-04-21 08:09:27  INFO: Table tc_devices created
2021-04-21 08:09:27  INFO: Table tc_drivers created
2021-04-21 08:09:27  INFO: Table tc_events created
2021-04-21 08:09:27  INFO: Table tc_geofences created
2021-04-21 08:09:27  INFO: Table tc_group_attribute created
2021-04-21 08:09:27  INFO: Table tc_group_command created
2021-04-21 08:09:27  INFO: Table tc_group_driver created
2021-04-21 08:09:27  INFO: Table tc_group_geofence created
2021-04-21 08:09:27  INFO: Table tc_group_maintenance created
2021-04-21 08:09:27  INFO: Table tc_group_notification created
2021-04-21 08:09:27  INFO: Table tc_groups created
2021-04-21 08:09:27  INFO: Table tc_maintenances created
2021-04-21 08:09:27  INFO: Table tc_notifications created
2021-04-21 08:09:27  INFO: Table tc_positions created
2021-04-21 08:09:27  INFO: Table tc_servers created
2021-04-21 08:09:27  INFO: Table tc_statistics created
2021-04-21 08:09:27  INFO: Table tc_user_attribute created
2021-04-21 08:09:27  INFO: Table tc_user_calendar created
2021-04-21 08:09:27  INFO: Table tc_user_command created
2021-04-21 08:09:27  INFO: Table tc_user_device created
2021-04-21 08:09:27  INFO: Table tc_user_driver created
2021-04-21 08:09:27  INFO: Table tc_user_geofence created
2021-04-21 08:09:27  INFO: Table tc_user_group created
2021-04-21 08:09:27  INFO: Table tc_user_maintenance created
2021-04-21 08:09:27  INFO: Table tc_user_notification created
2021-04-21 08:09:27  INFO: Table tc_user_user created
2021-04-21 08:09:27  INFO: Table tc_users created
2021-04-21 08:09:27  INFO: Foreign key constraint added to tc_device_command (commandid)
2021-04-21 08:09:27  INFO: Foreign key constraint added to tc_device_command (deviceid)
2021-04-21 08:09:27  INFO: Foreign key constraint added to tc_device_driver (deviceid)
2021-04-21 08:09:27  INFO: Foreign key constraint added to tc_device_driver (driverid)
2021-04-21 08:09:27  INFO: Foreign key constraint added to tc_device_geofence (deviceid)
2021-04-21 08:09:27  INFO: Foreign key constraint added to tc_device_geofence (geofenceid)
2021-04-21 08:09:27  INFO: Foreign key constraint added to tc_device_maintenance (deviceid)
2021-04-21 08:09:27  INFO: Foreign key constraint added to tc_device_maintenance (maintenanceid)
2021-04-21 08:09:27  INFO: Foreign key constraint added to tc_device_notification (deviceid)
2021-04-21 08:09:27  INFO: Foreign key constraint added to tc_device_notification (notificationid)
2021-04-21 08:09:27  INFO: Foreign key constraint added to tc_devices (groupid)
2021-04-21 08:09:27  INFO: Foreign key constraint added to tc_events (deviceid)
2021-04-21 08:09:27  INFO: Foreign key constraint added to tc_geofences (calendarid)
2021-04-21 08:09:27  INFO: Foreign key constraint added to tc_group_attribute (attributeid)
2021-04-21 08:09:27  INFO: Foreign key constraint added to tc_group_attribute (groupid)
2021-04-21 08:09:27  INFO: Foreign key constraint added to tc_group_command (commandid)
2021-04-21 08:09:27  INFO: Foreign key constraint added to tc_group_command (groupid)
2021-04-21 08:09:27  INFO: Foreign key constraint added to tc_group_driver (driverid)
2021-04-21 08:09:27  INFO: Foreign key constraint added to tc_group_driver (groupid)
2021-04-21 08:09:27  INFO: Foreign key constraint added to tc_group_geofence (geofenceid)
2021-04-21 08:09:27  INFO: Foreign key constraint added to tc_group_geofence (groupid)
2021-04-21 08:09:27  INFO: Foreign key constraint added to tc_group_maintenance (groupid)
2021-04-21 08:09:27  INFO: Foreign key constraint added to tc_group_maintenance (maintenanceid)
2021-04-21 08:09:27  INFO: Foreign key constraint added to tc_group_notification (groupid)
2021-04-21 08:09:27  INFO: Foreign key constraint added to tc_group_notification (notificationid)
2021-04-21 08:09:27  INFO: Foreign key constraint added to tc_notifications (calendarid)
2021-04-21 08:09:27  INFO: Foreign key constraint added to tc_positions (deviceid)
2021-04-21 08:09:27  INFO: Foreign key constraint added to tc_user_attribute (attributeid)
2021-04-21 08:09:27  INFO: Foreign key constraint added to tc_user_attribute (userid)
2021-04-21 08:09:27  INFO: Foreign key constraint added to tc_user_calendar (calendarid)
2021-04-21 08:09:27  INFO: Foreign key constraint added to tc_user_calendar (userid)
2021-04-21 08:09:27  INFO: Foreign key constraint added to tc_user_command (commandid)
2021-04-21 08:09:27  INFO: Foreign key constraint added to tc_user_command (userid)
2021-04-21 08:09:27  INFO: Foreign key constraint added to tc_device_attribute (attributeid)
2021-04-21 08:09:27  INFO: Foreign key constraint added to tc_device_attribute (deviceid)
2021-04-21 08:09:27  INFO: Foreign key constraint added to tc_user_device (deviceid)
2021-04-21 08:09:27  INFO: Foreign key constraint added to tc_user_device (userid)
2021-04-21 08:09:27  INFO: Foreign key constraint added to tc_user_driver (driverid)
2021-04-21 08:09:27  INFO: Foreign key constraint added to tc_user_driver (userid)
2021-04-21 08:09:27  INFO: Foreign key constraint added to tc_user_geofence (geofenceid)
2021-04-21 08:09:27  INFO: Foreign key constraint added to tc_user_geofence (userid)
2021-04-21 08:09:27  INFO: Foreign key constraint added to tc_user_group (groupid)
2021-04-21 08:09:27  INFO: Foreign key constraint added to tc_user_group (userid)
2021-04-21 08:09:27  INFO: Foreign key constraint added to tc_user_maintenance (maintenanceid)
2021-04-21 08:09:27  INFO: Foreign key constraint added to tc_user_maintenance (userid)
2021-04-21 08:09:27  INFO: Foreign key constraint added to tc_user_notification (notificationid)
2021-04-21 08:09:27  INFO: Foreign key constraint added to tc_user_notification (userid)
2021-04-21 08:09:27  INFO: Foreign key constraint added to tc_user_user (userid)
2021-04-21 08:09:27  INFO: New row inserted into tc_servers
2021-04-21 08:09:27  INFO: New row inserted into tc_users
2021-04-21 08:09:27  INFO: ChangeSet changelog-4.0-clean::changelog-4.0-clean::author ran successfully in 191ms
2021-04-21 08:09:27  INFO: Foreign key constraint added to tc_groups (groupid)
2021-04-21 08:09:27  INFO: Foreign key constraint added to tc_user_user (manageduserid)
2021-04-21 08:09:27  INFO: ChangeSet changelog-4.0-clean::changelog-4.0-clean-common::author ran successfully in 5ms
2021-04-21 08:09:27  INFO: Marking ChangeSet: changelog-3.3::changelog-3.3::author ran despite precondition failure due to onFail='MARK_RAN': 
          ./schema/changelog-master.xml : Not precondition failed

2021-04-21 08:09:27  INFO: Marking ChangeSet: changelog-3.5::changelog-3.5::author ran despite precondition failure due to onFail='MARK_RAN': 
          ./schema/changelog-master.xml : Not precondition failed

2021-04-21 08:09:27  INFO: Marking ChangeSet: changelog-3.6::changelog-3.6::author ran despite precondition failure due to onFail='MARK_RAN': 
          ./schema/changelog-master.xml : Not precondition failed

2021-04-21 08:09:27  INFO: Marking ChangeSet: changelog-3.7::changelog-3.7::author ran despite precondition failure due to onFail='MARK_RAN': 
          ./schema/changelog-master.xml : Not precondition failed

2021-04-21 08:09:27  INFO: Marking ChangeSet: changelog-3.7::changelog-3.7-notmssql::author ran despite precondition failure due to onFail='MARK_RAN': 
          ./schema/changelog-master.xml : Not precondition failed

2021-04-21 08:09:27  INFO: Marking ChangeSet: changelog-3.8::changelog-3.8::author ran despite precondition failure due to onFail='MARK_RAN': 
          ./schema/changelog-master.xml : Not precondition failed

2021-04-21 08:09:27  INFO: Marking ChangeSet: changelog-3.9::changelog-3.9::author ran despite precondition failure due to onFail='MARK_RAN': 
          ./schema/changelog-master.xml : Not precondition failed

2021-04-21 08:09:27  INFO: Marking ChangeSet: changelog-3.10::changelog-3.10::author ran despite precondition failure due to onFail='MARK_RAN': 
          ./schema/changelog-master.xml : Not precondition failed

2021-04-21 08:09:27  INFO: Marking ChangeSet: changelog-3.10::changelog-3.10-notmssql::author ran despite precondition failure due to onFail='MARK_RAN': 
          ./schema/changelog-master.xml : Not precondition failed

2021-04-21 08:09:27  INFO: Marking ChangeSet: changelog-3.10::changelog-3.10-mssql::author ran despite precondition failure due to onFail='MARK_RAN': 
          ./schema/changelog-master.xml : Not precondition failed

2021-04-21 08:09:27  INFO: Marking ChangeSet: changelog-3.10::changelog-3.7-mssql::author ran despite precondition failure due to onFail='MARK_RAN': 
          ./schema/changelog-master.xml : Not precondition failed

2021-04-21 08:09:27  INFO: Marking ChangeSet: changelog-3.11::changelog-3.11::author ran despite precondition failure due to onFail='MARK_RAN': 
          ./schema/changelog-master.xml : Not precondition failed

2021-04-21 08:09:27  INFO: Marking ChangeSet: changelog-3.12::changelog-3.12::author ran despite precondition failure due to onFail='MARK_RAN': 
          ./schema/changelog-master.xml : Not precondition failed

2021-04-21 08:09:27  INFO: Marking ChangeSet: changelog-3.12::changelog-3.12-notmssql::author ran despite precondition failure due to onFail='MARK_RAN': 
          ./schema/changelog-master.xml : Not precondition failed

2021-04-21 08:09:27  INFO: Marking ChangeSet: changelog-3.12::changelog-3.12-pgsql::author ran despite precondition failure due to onFail='MARK_RAN': 
          ./schema/changelog-master.xml : Not precondition failed

2021-04-21 08:09:27  INFO: Marking ChangeSet: changelog-3.14::changelog-3.14::author ran despite precondition failure due to onFail='MARK_RAN': 
          ./schema/changelog-master.xml : Not precondition failed

2021-04-21 08:09:27  INFO: Marking ChangeSet: changelog-3.15::changelog-3.15::author ran despite precondition failure due to onFail='MARK_RAN': 
          ./schema/changelog-master.xml : Not precondition failed

2021-04-21 08:09:27  INFO: Marking ChangeSet: changelog-3.16::changelog-3.16::author ran despite precondition failure due to onFail='MARK_RAN': 
          ./schema/changelog-master.xml : Not precondition failed

2021-04-21 08:09:27  INFO: Marking ChangeSet: changelog-3.17::changelog-3.3-admin::author ran despite precondition failure due to onFail='MARK_RAN': 
          ./schema/changelog-master.xml : Not precondition failed

2021-04-21 08:09:27  INFO: Marking ChangeSet: changelog-3.17::changelog-3.17::author ran despite precondition failure due to onFail='MARK_RAN': 
          ./schema/changelog-master.xml : Not precondition failed

2021-04-21 08:09:27  INFO: Marking ChangeSet: changelog-4.0::changelog-4.0-pre::author ran despite precondition failure due to onFail='MARK_RAN': 
          ./schema/changelog-master.xml : Not precondition failed

2021-04-21 08:09:27  INFO: Marking ChangeSet: changelog-4.0::changelog-4.0-common::author ran despite precondition failure due to onFail='MARK_RAN': 
          ./schema/changelog-master.xml : Not precondition failed

2021-04-21 08:09:27  INFO: Marking ChangeSet: changelog-4.0::changelog-4.0-pg::author ran despite precondition failure due to onFail='MARK_RAN': 
          ./schema/changelog-master.xml : Not precondition failed

2021-04-21 08:09:27  INFO: Marking ChangeSet: changelog-4.0::changelog-4.0::author ran despite precondition failure due to onFail='MARK_RAN': 
          ./schema/changelog-master.xml : Not precondition failed

2021-04-21 08:09:27  INFO: Marking ChangeSet: changelog-4.0::changelog-4.0-renaming::author ran despite precondition failure due to onFail='MARK_RAN': 
          ./schema/changelog-master.xml : Not precondition failed

2021-04-21 08:09:27  INFO: Marking ChangeSet: changelog-4.1::changelog-4.1-mssql::author ran despite precondition failure due to onFail='MARK_RAN': 
          ./schema/changelog-master.xml : DBMS Precondition failed: expected mssql, got h2

2021-04-21 08:09:27  INFO: Index user_device_user_id created
2021-04-21 08:09:27  INFO: Index position_deviceid_fixtime created
2021-04-21 08:09:27  INFO: ChangeSet changelog-4.7::changelog-4.7::author ran successfully in 80ms
2021-04-21 08:09:27  INFO: Index event_deviceid_servertime created
2021-04-21 08:09:27  INFO: ChangeSet changelog-4.9::changelog-4.9::author ran successfully in 1ms
2021-04-21 08:09:27  INFO: Columns protocols(VARCHAR(4096)) added to tc_statistics
2021-04-21 08:09:27  INFO: ChangeSet changelog-4.10::changelog-4.10::author ran successfully in 7ms
2021-04-21 08:09:27  INFO: Columns announcement(VARCHAR(4000)) added to tc_servers
2021-04-21 08:09:27  INFO: ChangeSet changelog-4.11::changelog-4.11::author ran successfully in 4ms
2021-04-21 08:09:27  INFO: Successfully released change log lock
2021-04-21 08:09:27  INFO: Logging initialized @2997ms to org.eclipse.jetty.util.log.Slf4jLog
2021-04-21 08:09:28  INFO: Operating system name: Linux version: 4.19.0-6-amd64 architecture: amd64
2021-04-21 08:09:28  INFO: Java runtime name: OpenJDK 64-Bit Server VM vendor: Oracle Corporation version: 25.282-b08
2021-04-21 08:09:28  INFO: Memory limit heap: 491mb non-heap: 0mb
2021-04-21 08:09:28  INFO: Character encoding: UTF-8 charset: UTF-8
2021-04-21 08:09:28  INFO: Version: 4.12
2021-04-21 08:09:28  INFO: Starting server...
2021-04-21 08:09:28  INFO: jetty-9.4.36.v20210114; built: 2021-01-14T16:44:28.689Z; git: 238ec6997c7806b055319a6d11f8ae7564adc0de; jvm 1.8.0_282-b08
2021-04-21 08:09:28  INFO: Started o.t.w.@15639d09{/,null,AVAILABLE}
2021-04-21 08:09:28  INFO: DefaultSessionIdManager workerName=node0
2021-04-21 08:09:28  INFO: No SessionScavenger set, using defaults
2021-04-21 08:09:28  INFO: node0 Scavenging every 660000ms
2021-04-21 08:09:29  INFO: Started o.e.j.s.ServletContextHandler@4b343b6d{/,null,AVAILABLE}
2021-04-21 08:09:29  INFO: Started ServerConnector@52d6cd34{HTTP/1.1, (http/1.1)}{0.0.0.0:8082}
2021-04-21 08:09:29  INFO: Started @4852ms
2021-04-21 08:11:26  INFO: Shutting down server...
2021-04-21 08:12:37  INFO: HikariPool-1 - Starting...
2021-04-21 08:12:38  INFO: HikariPool-1 - Start completed.
2021-04-21 08:12:38  INFO: Clearing database change log checksums
2021-04-21 08:12:38  INFO: Successfully acquired change log lock
2021-04-21 08:12:38  INFO: Successfully released change log lock
2021-04-21 08:12:38  INFO: Successfully acquired change log lock
2021-04-21 08:12:38  INFO: Can not use class liquibase.parser.core.json.JsonChangeLogParser as a Liquibase service because org.yaml.snakeyaml.constructor.BaseConstructor is not in the classpath
2021-04-21 08:12:38  INFO: Can not use class liquibase.parser.core.yaml.YamlChangeLogParser as a Liquibase service because org.yaml.snakeyaml.constructor.BaseConstructor is not in the classpath
2021-04-21 08:12:39  INFO: Reading from PUBLIC.DATABASECHANGELOG
2021-04-21 08:12:39  INFO: Reading from PUBLIC.DATABASECHANGELOG
2021-04-21 08:12:39  INFO: Successfully released change log lock
2021-04-21 08:12:39  INFO: Logging initialized @2673ms to org.eclipse.jetty.util.log.Slf4jLog
2021-04-21 08:12:40  INFO: Operating system name: Linux version: 4.19.0-6-amd64 architecture: amd64
2021-04-21 08:12:40  INFO: Java runtime name: OpenJDK 64-Bit Server VM vendor: Oracle Corporation version: 25.282-b08
2021-04-21 08:12:40  INFO: Memory limit heap: 491mb non-heap: 0mb
2021-04-21 08:12:40  INFO: Character encoding: UTF-8 charset: UTF-8
2021-04-21 08:12:40  INFO: Version: 4.12
2021-04-21 08:12:40  INFO: Starting server...
2021-04-21 08:12:40  INFO: jetty-9.4.36.v20210114; built: 2021-01-14T16:44:28.689Z; git: 238ec6997c7806b055319a6d11f8ae7564adc0de; jvm 1.8.0_282-b08
2021-04-21 08:12:41  INFO: Started o.t.w.@2785db06{/,null,AVAILABLE}
2021-04-21 08:12:41  INFO: DefaultSessionIdManager workerName=node0
2021-04-21 08:12:41  INFO: No SessionScavenger set, using defaults
2021-04-21 08:12:41  INFO: node0 Scavenging every 600000ms
2021-04-21 08:12:41  INFO: Started o.e.j.s.ServletContextHandler@6bd7439d{/,null,AVAILABLE}
2021-04-21 08:12:42  INFO: Started ServerConnector@7a1f8def{HTTP/1.1, (http/1.1)}{0.0.0.0:8082}
2021-04-21 08:12:42  INFO: Started @4722ms
2021-04-21 08:14:06  INFO: HikariPool-1 - Starting...
2021-04-21 08:14:07  INFO: HikariPool-1 - Start completed.
2021-04-21 08:14:07  INFO: Clearing database change log checksums
2021-04-21 08:14:07  INFO: Successfully acquired change log lock
2021-04-21 08:14:08  INFO: Successfully released change log lock
2021-04-21 08:14:08  INFO: Successfully acquired change log lock
2021-04-21 08:14:08  INFO: Can not use class liquibase.parser.core.json.JsonChangeLogParser as a Liquibase service because org.yaml.snakeyaml.constructor.BaseConstructor is not in the classpath
2021-04-21 08:14:08  INFO: Can not use class liquibase.parser.core.yaml.YamlChangeLogParser as a Liquibase service because org.yaml.snakeyaml.constructor.BaseConstructor is not in the classpath
2021-04-21 08:14:08  INFO: Reading from PUBLIC.DATABASECHANGELOG
2021-04-21 08:14:08  INFO: Reading from PUBLIC.DATABASECHANGELOG
2021-04-21 08:14:08  INFO: Successfully released change log lock
2021-04-21 08:14:09  INFO: Logging initialized @2820ms to org.eclipse.jetty.util.log.Slf4jLog
2021-04-21 08:14:09  INFO: Operating system name: Linux version: 4.19.0-6-amd64 architecture: amd64
2021-04-21 08:14:09  INFO: Java runtime name: OpenJDK 64-Bit Server VM vendor: Oracle Corporation version: 25.282-b08
2021-04-21 08:14:09  INFO: Memory limit heap: 491mb non-heap: 0mb
2021-04-21 08:14:09  INFO: Character encoding: UTF-8 charset: UTF-8
2021-04-21 08:14:09  INFO: Version: 4.12
2021-04-21 08:14:09  INFO: Starting server...
2021-04-21 08:14:10  INFO: jetty-9.4.36.v20210114; built: 2021-01-14T16:44:28.689Z; git: 238ec6997c7806b055319a6d11f8ae7564adc0de; jvm 1.8.0_282-b08
2021-04-21 08:14:10  INFO: Started o.t.w.@2785db06{/,null,AVAILABLE}
2021-04-21 08:14:10  INFO: DefaultSessionIdManager workerName=node0
2021-04-21 08:14:10  INFO: No SessionScavenger set, using defaults
2021-04-21 08:14:10  INFO: node0 Scavenging every 600000ms
2021-04-21 08:14:11  INFO: Started o.e.j.s.ServletContextHandler@6bd7439d{/,null,AVAILABLE}
2021-04-21 08:14:11  INFO: Started ServerConnector@7a1f8def{HTTP/1.1, (http/1.1)}{0.0.0.0:8082}
2021-04-21 08:14:11  INFO: Started @4963ms
2021-04-21 08:54:27  INFO: HikariPool-1 - Starting...
2021-04-21 08:54:27  INFO: HikariPool-1 - Start completed.
2021-04-21 08:54:28  INFO: Clearing database change log checksums
2021-04-21 08:54:28  INFO: Successfully acquired change log lock
2021-04-21 08:54:28  INFO: Creating database history table with name: geo_lab.DATABASECHANGELOG
2021-04-21 08:54:28  INFO: Successfully released change log lock
2021-04-21 08:54:28  INFO: Successfully acquired change log lock
2021-04-21 08:54:28  INFO: Can not use class liquibase.parser.core.json.JsonChangeLogParser as a Liquibase service because org.yaml.snakeyaml.constructor.BaseConstructor is not in the classpath
2021-04-21 08:54:28  INFO: Can not use class liquibase.parser.core.yaml.YamlChangeLogParser as a Liquibase service because org.yaml.snakeyaml.constructor.BaseConstructor is not in the classpath
2021-04-21 08:54:28  INFO: Reading from geo_lab.DATABASECHANGELOG
2021-04-21 08:54:29  INFO: Table tc_attributes created
2021-04-21 08:54:29  INFO: Table tc_calendars created
2021-04-21 08:54:29  INFO: Table tc_commands created
2021-04-21 08:54:29  INFO: Table tc_device_attribute created
2021-04-21 08:54:29  INFO: Table tc_device_command created
2021-04-21 08:54:29  INFO: Table tc_device_driver created
2021-04-21 08:54:29  INFO: Table tc_device_geofence created
2021-04-21 08:54:29  INFO: Table tc_device_maintenance created
2021-04-21 08:54:29  INFO: Table tc_device_notification created
2021-04-21 08:54:29  INFO: Table tc_devices created
2021-04-21 08:54:29  INFO: Table tc_drivers created
2021-04-21 08:54:29  INFO: Table tc_events created
2021-04-21 08:54:29  INFO: Table tc_geofences created
2021-04-21 08:54:29  INFO: Table tc_group_attribute created
2021-04-21 08:54:29  INFO: Table tc_group_command created
2021-04-21 08:54:29  INFO: Table tc_group_driver created
2021-04-21 08:54:29  INFO: Table tc_group_geofence created
2021-04-21 08:54:29  INFO: Table tc_group_maintenance created
2021-04-21 08:54:29  INFO: Table tc_group_notification created
2021-04-21 08:54:29  INFO: Table tc_groups created
2021-04-21 08:54:29  INFO: Table tc_maintenances created
2021-04-21 08:54:29  INFO: Table tc_notifications created
2021-04-21 08:54:29  INFO: Table tc_positions created
2021-04-21 08:54:29  INFO: Table tc_servers created
2021-04-21 08:54:29  INFO: Table tc_statistics created
2021-04-21 08:54:29  INFO: Table tc_user_attribute created
2021-04-21 08:54:29  INFO: Table tc_user_calendar created
2021-04-21 08:54:29  INFO: Table tc_user_command created
2021-04-21 08:54:29  INFO: Table tc_user_device created
2021-04-21 08:54:29  INFO: Table tc_user_driver created
2021-04-21 08:54:29  INFO: Table tc_user_geofence created
2021-04-21 08:54:29  INFO: Table tc_user_group created
2021-04-21 08:54:29  INFO: Table tc_user_maintenance created
2021-04-21 08:54:29  INFO: Table tc_user_notification created
2021-04-21 08:54:29  INFO: Table tc_user_user created
2021-04-21 08:54:29  INFO: Table tc_users created
2021-04-21 08:54:29  INFO: Foreign key constraint added to tc_device_command (commandid)
2021-04-21 08:54:29  INFO: Foreign key constraint added to tc_device_command (deviceid)
2021-04-21 08:54:30  INFO: Foreign key constraint added to tc_device_driver (deviceid)
2021-04-21 08:54:30  INFO: Foreign key constraint added to tc_device_driver (driverid)
2021-04-21 08:54:30  INFO: Foreign key constraint added to tc_device_geofence (deviceid)
2021-04-21 08:54:30  INFO: Foreign key constraint added to tc_device_geofence (geofenceid)
2021-04-21 08:54:30  INFO: Foreign key constraint added to tc_device_maintenance (deviceid)
2021-04-21 08:54:30  INFO: Foreign key constraint added to tc_device_maintenance (maintenanceid)
2021-04-21 08:54:30  INFO: Foreign key constraint added to tc_device_notification (deviceid)
2021-04-21 08:54:30  INFO: Foreign key constraint added to tc_device_notification (notificationid)
2021-04-21 08:54:30  INFO: Foreign key constraint added to tc_devices (groupid)
2021-04-21 08:54:30  INFO: Foreign key constraint added to tc_events (deviceid)
2021-04-21 08:54:30  INFO: Foreign key constraint added to tc_geofences (calendarid)
2021-04-21 08:54:30  INFO: Foreign key constraint added to tc_group_attribute (attributeid)
2021-04-21 08:54:30  INFO: Foreign key constraint added to tc_group_attribute (groupid)
2021-04-21 08:54:30  INFO: Foreign key constraint added to tc_group_command (commandid)
2021-04-21 08:54:30  INFO: Foreign key constraint added to tc_group_command (groupid)
2021-04-21 08:54:30  INFO: Foreign key constraint added to tc_group_driver (driverid)
2021-04-21 08:54:30  INFO: Foreign key constraint added to tc_group_driver (groupid)
2021-04-21 08:54:30  INFO: Foreign key constraint added to tc_group_geofence (geofenceid)
2021-04-21 08:54:30  INFO: Foreign key constraint added to tc_group_geofence (groupid)
2021-04-21 08:54:30  INFO: Foreign key constraint added to tc_group_maintenance (groupid)
2021-04-21 08:54:31  INFO: Foreign key constraint added to tc_group_maintenance (maintenanceid)
2021-04-21 08:54:31  INFO: Foreign key constraint added to tc_group_notification (groupid)
2021-04-21 08:54:31  INFO: Foreign key constraint added to tc_group_notification (notificationid)
2021-04-21 08:54:31  INFO: Foreign key constraint added to tc_notifications (calendarid)
2021-04-21 08:54:31  INFO: Foreign key constraint added to tc_positions (deviceid)
2021-04-21 08:54:31  INFO: Foreign key constraint added to tc_user_attribute (attributeid)
2021-04-21 08:54:31  INFO: Foreign key constraint added to tc_user_attribute (userid)
2021-04-21 08:54:31  INFO: Foreign key constraint added to tc_user_calendar (calendarid)
2021-04-21 08:54:31  INFO: Foreign key constraint added to tc_user_calendar (userid)
2021-04-21 08:54:31  INFO: Foreign key constraint added to tc_user_command (commandid)
2021-04-21 08:54:31  INFO: Foreign key constraint added to tc_user_command (userid)
2021-04-21 08:54:31  INFO: Foreign key constraint added to tc_device_attribute (attributeid)
2021-04-21 08:54:31  INFO: Foreign key constraint added to tc_device_attribute (deviceid)
2021-04-21 08:54:31  INFO: Foreign key constraint added to tc_user_device (deviceid)
2021-04-21 08:54:31  INFO: Foreign key constraint added to tc_user_device (userid)
2021-04-21 08:54:31  INFO: Foreign key constraint added to tc_user_driver (driverid)
2021-04-21 08:54:31  INFO: Foreign key constraint added to tc_user_driver (userid)
2021-04-21 08:54:31  INFO: Foreign key constraint added to tc_user_geofence (geofenceid)
2021-04-21 08:54:31  INFO: Foreign key constraint added to tc_user_geofence (userid)
2021-04-21 08:54:31  INFO: Foreign key constraint added to tc_user_group (groupid)
2021-04-21 08:54:31  INFO: Foreign key constraint added to tc_user_group (userid)
2021-04-21 08:54:32  INFO: Foreign key constraint added to tc_user_maintenance (maintenanceid)
2021-04-21 08:54:32  INFO: Foreign key constraint added to tc_user_maintenance (userid)
2021-04-21 08:54:32  INFO: Foreign key constraint added to tc_user_notification (notificationid)
2021-04-21 08:54:32  INFO: Foreign key constraint added to tc_user_notification (userid)
2021-04-21 08:54:32  INFO: Foreign key constraint added to tc_user_user (userid)
2021-04-21 08:54:32  INFO: New row inserted into tc_servers
2021-04-21 08:54:32  INFO: New row inserted into tc_users
2021-04-21 08:54:32  INFO: ChangeSet changelog-4.0-clean::changelog-4.0-clean::author ran successfully in 3115ms
2021-04-21 08:54:32  INFO: Foreign key constraint added to tc_groups (groupid)
2021-04-21 08:54:32  INFO: Foreign key constraint added to tc_user_user (manageduserid)
2021-04-21 08:54:32  INFO: ChangeSet changelog-4.0-clean::changelog-4.0-clean-common::author ran successfully in 100ms
2021-04-21 08:54:32  INFO: Marking ChangeSet: changelog-3.3::changelog-3.3::author ran despite precondition failure due to onFail='MARK_RAN': 
          ./schema/changelog-master.xml : Not precondition failed

2021-04-21 08:54:32  INFO: Marking ChangeSet: changelog-3.5::changelog-3.5::author ran despite precondition failure due to onFail='MARK_RAN': 
          ./schema/changelog-master.xml : Not precondition failed

2021-04-21 08:54:32  INFO: Marking ChangeSet: changelog-3.6::changelog-3.6::author ran despite precondition failure due to onFail='MARK_RAN': 
          ./schema/changelog-master.xml : Not precondition failed

2021-04-21 08:54:32  INFO: Marking ChangeSet: changelog-3.7::changelog-3.7::author ran despite precondition failure due to onFail='MARK_RAN': 
          ./schema/changelog-master.xml : Not precondition failed

2021-04-21 08:54:32  INFO: Marking ChangeSet: changelog-3.7::changelog-3.7-notmssql::author ran despite precondition failure due to onFail='MARK_RAN': 
          ./schema/changelog-master.xml : Not precondition failed

2021-04-21 08:54:32  INFO: Marking ChangeSet: changelog-3.8::changelog-3.8::author ran despite precondition failure due to onFail='MARK_RAN': 
          ./schema/changelog-master.xml : Not precondition failed

2021-04-21 08:54:32  INFO: Marking ChangeSet: changelog-3.9::changelog-3.9::author ran despite precondition failure due to onFail='MARK_RAN': 
          ./schema/changelog-master.xml : Not precondition failed

2021-04-21 08:54:32  INFO: Marking ChangeSet: changelog-3.10::changelog-3.10::author ran despite precondition failure due to onFail='MARK_RAN': 
          ./schema/changelog-master.xml : Not precondition failed

2021-04-21 08:54:32  INFO: Marking ChangeSet: changelog-3.10::changelog-3.10-notmssql::author ran despite precondition failure due to onFail='MARK_RAN': 
          ./schema/changelog-master.xml : Not precondition failed

2021-04-21 08:54:32  INFO: Marking ChangeSet: changelog-3.10::changelog-3.10-mssql::author ran despite precondition failure due to onFail='MARK_RAN': 
          ./schema/changelog-master.xml : Not precondition failed

2021-04-21 08:54:32  INFO: Marking ChangeSet: changelog-3.10::changelog-3.7-mssql::author ran despite precondition failure due to onFail='MARK_RAN': 
          ./schema/changelog-master.xml : Not precondition failed

2021-04-21 08:54:32  INFO: Marking ChangeSet: changelog-3.11::changelog-3.11::author ran despite precondition failure due to onFail='MARK_RAN': 
          ./schema/changelog-master.xml : Not precondition failed

2021-04-21 08:54:32  INFO: Marking ChangeSet: changelog-3.12::changelog-3.12::author ran despite precondition failure due to onFail='MARK_RAN': 
          ./schema/changelog-master.xml : Not precondition failed

2021-04-21 08:54:32  INFO: Marking ChangeSet: changelog-3.12::changelog-3.12-notmssql::author ran despite precondition failure due to onFail='MARK_RAN': 
          ./schema/changelog-master.xml : Not precondition failed

2021-04-21 08:54:32  INFO: Marking ChangeSet: changelog-3.12::changelog-3.12-pgsql::author ran despite precondition failure due to onFail='MARK_RAN': 
          ./schema/changelog-master.xml : Not precondition failed

2021-04-21 08:54:32  INFO: Marking ChangeSet: changelog-3.14::changelog-3.14::author ran despite precondition failure due to onFail='MARK_RAN': 
          ./schema/changelog-master.xml : Not precondition failed

2021-04-21 08:54:32  INFO: Marking ChangeSet: changelog-3.15::changelog-3.15::author ran despite precondition failure due to onFail='MARK_RAN': 
          ./schema/changelog-master.xml : Not precondition failed

2021-04-21 08:54:32  INFO: Marking ChangeSet: changelog-3.16::changelog-3.16::author ran despite precondition failure due to onFail='MARK_RAN': 
          ./schema/changelog-master.xml : Not precondition failed

2021-04-21 08:54:32  INFO: Marking ChangeSet: changelog-3.17::changelog-3.3-admin::author ran despite precondition failure due to onFail='MARK_RAN': 
          ./schema/changelog-master.xml : Not precondition failed

2021-04-21 08:54:32  INFO: Marking ChangeSet: changelog-3.17::changelog-3.17::author ran despite precondition failure due to onFail='MARK_RAN': 
          ./schema/changelog-master.xml : Not precondition failed

2021-04-21 08:54:32  INFO: Marking ChangeSet: changelog-4.0::changelog-4.0-pre::author ran despite precondition failure due to onFail='MARK_RAN': 
          ./schema/changelog-master.xml : Not precondition failed

2021-04-21 08:54:32  INFO: Marking ChangeSet: changelog-4.0::changelog-4.0-common::author ran despite precondition failure due to onFail='MARK_RAN': 
          ./schema/changelog-master.xml : Not precondition failed

2021-04-21 08:54:32  INFO: Marking ChangeSet: changelog-4.0::changelog-4.0-pg::author ran despite precondition failure due to onFail='MARK_RAN': 
          ./schema/changelog-master.xml : Not precondition failed

2021-04-21 08:54:32  INFO: Marking ChangeSet: changelog-4.0::changelog-4.0::author ran despite precondition failure due to onFail='MARK_RAN': 
          ./schema/changelog-master.xml : Not precondition failed

2021-04-21 08:54:32  INFO: Marking ChangeSet: changelog-4.0::changelog-4.0-renaming::author ran despite precondition failure due to onFail='MARK_RAN': 
          ./schema/changelog-master.xml : Not precondition failed

2021-04-21 08:54:32  INFO: Marking ChangeSet: changelog-4.1::changelog-4.1-mssql::author ran despite precondition failure due to onFail='MARK_RAN': 
          ./schema/changelog-master.xml : DBMS Precondition failed: expected mssql, got mysql

2021-04-21 08:54:32  INFO: Index user_device_user_id created
2021-04-21 08:54:32  INFO: Index position_deviceid_fixtime created
2021-04-21 08:54:32  INFO: ChangeSet changelog-4.7::changelog-4.7::author ran successfully in 64ms
2021-04-21 08:54:32  INFO: Index event_deviceid_servertime created
2021-04-21 08:54:32  INFO: ChangeSet changelog-4.9::changelog-4.9::author ran successfully in 16ms
2021-04-21 08:54:32  INFO: Columns protocols(VARCHAR(4096)) added to tc_statistics
2021-04-21 08:54:32  INFO: ChangeSet changelog-4.10::changelog-4.10::author ran successfully in 25ms
2021-04-21 08:54:32  INFO: Columns announcement(VARCHAR(4000)) added to tc_servers
2021-04-21 08:54:32  INFO: ChangeSet changelog-4.11::changelog-4.11::author ran successfully in 56ms
2021-04-21 08:54:32  INFO: Successfully released change log lock
2021-04-21 08:54:32  INFO: Logging initialized @6034ms to org.eclipse.jetty.util.log.Slf4jLog
2021-04-21 08:54:33  INFO: Operating system name: Linux version: 4.19.0-6-amd64 architecture: amd64
2021-04-21 08:54:33  INFO: Java runtime name: OpenJDK 64-Bit Server VM vendor: Oracle Corporation version: 25.282-b08
2021-04-21 08:54:33  INFO: Memory limit heap: 491mb non-heap: 0mb
2021-04-21 08:54:33  INFO: Character encoding: UTF-8 charset: UTF-8
2021-04-21 08:54:33  INFO: Version: 4.12
2021-04-21 08:54:33  INFO: Starting server...
2021-04-21 08:54:33  INFO: jetty-9.4.36.v20210114; built: 2021-01-14T16:44:28.689Z; git: 238ec6997c7806b055319a6d11f8ae7564adc0de; jvm 1.8.0_282-b08
2021-04-21 08:54:33  INFO: Started o.t.w.@456f7d9e{/,null,AVAILABLE}
2021-04-21 08:54:33  INFO: DefaultSessionIdManager workerName=node0
2021-04-21 08:54:33  INFO: No SessionScavenger set, using defaults
2021-04-21 08:54:33  INFO: node0 Scavenging every 660000ms
2021-04-21 08:54:34  INFO: Started o.e.j.s.ServletContextHandler@74707df8{/,null,AVAILABLE}
2021-04-21 08:54:34  INFO: Started ServerConnector@fca387{HTTP/1.1, (http/1.1)}{0.0.0.0:8082}
2021-04-21 08:54:34  INFO: Started @7988ms
2021-04-21 08:56:06  INFO: user: 1, action: login
2021-04-21 08:56:57  INFO: user: 1, action: create, object: user, id: 2
2021-04-21 08:58:06  INFO: Shutting down server...
2021-04-21 09:59:34  INFO: HikariPool-1 - Starting...
2021-04-21 09:59:34  INFO: HikariPool-1 - Start completed.
2021-04-21 09:59:35  INFO: Clearing database change log checksums
2021-04-21 09:59:35  INFO: Successfully acquired change log lock
2021-04-21 09:59:35  INFO: Successfully released change log lock
2021-04-21 09:59:35  INFO: Successfully acquired change log lock
2021-04-21 09:59:35  INFO: Can not use class liquibase.parser.core.json.JsonChangeLogParser as a Liquibase service because org.yaml.snakeyaml.constructor.BaseConstructor is not in the classpath
2021-04-21 09:59:35  INFO: Can not use class liquibase.parser.core.yaml.YamlChangeLogParser as a Liquibase service because org.yaml.snakeyaml.constructor.BaseConstructor is not in the classpath
2021-04-21 09:59:35  INFO: Reading from geo_lab.DATABASECHANGELOG
2021-04-21 09:59:36  INFO: Reading from geo_lab.DATABASECHANGELOG
2021-04-21 09:59:36  INFO: Successfully released change log lock
2021-04-21 09:59:36  INFO: Logging initialized @2533ms to org.eclipse.jetty.util.log.Slf4jLog
2021-04-21 09:59:37  INFO: Operating system name: Linux version: 4.19.0-6-amd64 architecture: amd64
2021-04-21 09:59:37  INFO: Java runtime name: OpenJDK 64-Bit Server VM vendor: Oracle Corporation version: 25.282-b08
2021-04-21 09:59:37  INFO: Memory limit heap: 491mb non-heap: 0mb
2021-04-21 09:59:37  INFO: Character encoding: UTF-8 charset: UTF-8
2021-04-21 09:59:37  INFO: Version: 4.12
2021-04-21 09:59:37  INFO: Starting server...
2021-04-21 09:59:37  INFO: jetty-9.4.36.v20210114; built: 2021-01-14T16:44:28.689Z; git: 238ec6997c7806b055319a6d11f8ae7564adc0de; jvm 1.8.0_282-b08
2021-04-21 09:59:37  INFO: Started o.t.w.@721d8ab5{/,null,AVAILABLE}
2021-04-21 09:59:37  INFO: DefaultSessionIdManager workerName=node0
2021-04-21 09:59:37  INFO: No SessionScavenger set, using defaults
2021-04-21 09:59:37  INFO: node0 Scavenging every 600000ms
2021-04-21 09:59:38  INFO: Started o.e.j.s.ServletContextHandler@5c33008f{/,null,AVAILABLE}
2021-04-21 09:59:38  INFO: Started ServerConnector@39e67516{HTTP/1.1, (http/1.1)}{0.0.0.0:8082}
2021-04-21 09:59:38  INFO: Started @4637ms
2021-04-21 10:01:43  INFO: Shutting down server...
2021-04-21 10:03:12  INFO: HikariPool-1 - Starting...
2021-04-21 10:03:12  INFO: HikariPool-1 - Start completed.
2021-04-21 10:03:12  INFO: Clearing database change log checksums
2021-04-21 10:03:12  INFO: Successfully acquired change log lock
2021-04-21 10:03:12  INFO: Successfully released change log lock
2021-04-21 10:03:13  INFO: Successfully acquired change log lock
2021-04-21 10:03:13  INFO: Can not use class liquibase.parser.core.json.JsonChangeLogParser as a Liquibase service because org.yaml.snakeyaml.constructor.BaseConstructor is not in the classpath
2021-04-21 10:03:13  INFO: Can not use class liquibase.parser.core.yaml.YamlChangeLogParser as a Liquibase service because org.yaml.snakeyaml.constructor.BaseConstructor is not in the classpath
2021-04-21 10:03:13  INFO: Reading from geo_lab.DATABASECHANGELOG
2021-04-21 10:03:13  INFO: Reading from geo_lab.DATABASECHANGELOG
2021-04-21 10:03:13  INFO: Successfully released change log lock
2021-04-21 10:03:13  INFO: Logging initialized @2599ms to org.eclipse.jetty.util.log.Slf4jLog
2021-04-21 10:03:14  INFO: Operating system name: Linux version: 4.19.0-6-amd64 architecture: amd64
2021-04-21 10:03:14  INFO: Java runtime name: OpenJDK 64-Bit Server VM vendor: Oracle Corporation version: 25.282-b08
2021-04-21 10:03:14  INFO: Memory limit heap: 491mb non-heap: 0mb
2021-04-21 10:03:14  INFO: Character encoding: UTF-8 charset: UTF-8
2021-04-21 10:03:14  INFO: Version: 4.12
2021-04-21 10:03:14  INFO: Starting server...
2021-04-21 10:03:14  INFO: jetty-9.4.36.v20210114; built: 2021-01-14T16:44:28.689Z; git: 238ec6997c7806b055319a6d11f8ae7564adc0de; jvm 1.8.0_282-b08
2021-04-21 10:03:15  INFO: Started o.t.w.@721d8ab5{/,null,AVAILABLE}
2021-04-21 10:03:15  INFO: DefaultSessionIdManager workerName=node0
2021-04-21 10:03:15  INFO: No SessionScavenger set, using defaults
2021-04-21 10:03:15  INFO: node0 Scavenging every 660000ms
2021-04-21 10:03:15  INFO: Started o.e.j.s.ServletContextHandler@5c33008f{/,null,AVAILABLE}
2021-04-21 10:03:15  INFO: Started ServerConnector@39e67516{HTTP/1.1, (http/1.1)}{0.0.0.0:8082}
2021-04-21 10:03:15  INFO: Started @4598ms
